Started GET "/" for 127.0.0.1 at 2017-04-29 18:40:58 -0700
  [1m[36mActiveRecord::SchemaMigration Load (0.6ms)[0m  [1m[34mSELECT "schema_migrations".* FROM "schema_migrations"[0m
Processing by LandingController#index as HTML
  Rendering landing/index.html.erb within layouts/application
  Rendered landing/index.html.erb within layouts/application (695.8ms)
  [1m[36mUser Load (0.4ms)[0m  [1m[34mSELECT  "users".* FROM "users" WHERE "users"."id" = $1 LIMIT $2[0m  [["id", 2], ["LIMIT", 1]]
  Rendered layouts/_nav.html.erb (39.4ms)
Completed 200 OK in 851ms (Views: 816.5ms | ActiveRecord: 6.8ms)


Started GET "/search/ch" for 127.0.0.1 at 2017-04-29 18:41:02 -0700
Processing by SearchController#show as */*
  Parameters: {"id"=>"ch"}
  [1m[36mSchedule Load (5.6ms)[0m  [1m[34mSELECT "schedules".* FROM "schedules" WHERE (lower(destination) LIKE 'ch')[0m
Completed 200 OK in 26ms (Views: 0.2ms | ActiveRecord: 11.7ms)


Started GET "/search/Ch" for 127.0.0.1 at 2017-04-29 18:41:11 -0700
Processing by SearchController#show as */*
  Parameters: {"id"=>"Ch"}
  [1m[36mSchedule Load (0.4ms)[0m  [1m[34mSELECT "schedules".* FROM "schedules" WHERE (lower(destination) LIKE 'ch')[0m
Completed 200 OK in 2ms (Views: 0.1ms | ActiveRecord: 0.4ms)


Started GET "/" for 127.0.0.1 at 2017-04-29 18:41:12 -0700
Processing by LandingController#index as HTML
  Rendering landing/index.html.erb within layouts/application
  Rendered landing/index.html.erb within layouts/application (1.9ms)
  [1m[36mUser Load (0.4ms)[0m  [1m[34mSELECT  "users".* FROM "users" WHERE "users"."id" = $1 LIMIT $2[0m  [["id", 2], ["LIMIT", 1]]
  Rendered layouts/_nav.html.erb (2.2ms)
Completed 200 OK in 54ms (Views: 51.0ms | ActiveRecord: 0.4ms)


Started GET "/search/Ch" for 127.0.0.1 at 2017-04-29 18:41:15 -0700
Processing by SearchController#show as */*
  Parameters: {"id"=>"Ch"}
  [1m[36mSchedule Load (0.4ms)[0m  [1m[34mSELECT "schedules".* FROM "schedules" WHERE (lower(destination) LIKE 'ch')[0m
Completed 200 OK in 2ms (Views: 0.2ms | ActiveRecord: 0.4ms)


Started GET "/" for 127.0.0.1 at 2017-04-29 18:41:27 -0700
Processing by LandingController#index as HTML
  Rendering landing/index.html.erb within layouts/application
  Rendered landing/index.html.erb within layouts/application (3.3ms)
  [1m[36mUser Load (0.3ms)[0m  [1m[34mSELECT  "users".* FROM "users" WHERE "users"."id" = $1 LIMIT $2[0m  [["id", 2], ["LIMIT", 1]]
  Rendered layouts/_nav.html.erb (30.0ms)
Completed 200 OK in 110ms (Views: 102.9ms | ActiveRecord: 4.6ms)


Started GET "/search/Ch" for 127.0.0.1 at 2017-04-29 18:41:29 -0700
Processing by SearchController#show as */*
  Parameters: {"id"=>"Ch"}
  [1m[36mSchedule Load (0.8ms)[0m  [1m[34mSELECT "schedules".* FROM "schedules" WHERE ((destination) LIKE 'ch')[0m
Completed 200 OK in 18ms (Views: 0.6ms | ActiveRecord: 0.8ms)


Started GET "/" for 127.0.0.1 at 2017-04-29 18:41:48 -0700
  [1m[36mActiveRecord::SchemaMigration Load (0.5ms)[0m  [1m[34mSELECT "schema_migrations".* FROM "schema_migrations"[0m
Processing by LandingController#index as HTML
  Rendering landing/index.html.erb within layouts/application
  Rendered landing/index.html.erb within layouts/application (655.1ms)
  [1m[36mUser Load (0.8ms)[0m  [1m[34mSELECT  "users".* FROM "users" WHERE "users"."id" = $1 LIMIT $2[0m  [["id", 2], ["LIMIT", 1]]
  Rendered layouts/_nav.html.erb (41.7ms)
Completed 200 OK in 893ms (Views: 863.0ms | ActiveRecord: 6.6ms)


Started GET "/search/Ch" for 127.0.0.1 at 2017-04-29 18:41:53 -0700
Processing by SearchController#show as */*
  Parameters: {"id"=>"Ch"}
  [1m[36mSchedule Load (1.0ms)[0m  [1m[34mSELECT "schedules".* FROM "schedules" WHERE (lower(destination) LIKE 'ch')[0m
Completed 200 OK in 17ms (Views: 0.3ms | ActiveRecord: 5.2ms)


Started GET "/" for 127.0.0.1 at 2017-04-29 18:43:33 -0700
Processing by LandingController#index as HTML
  Rendering landing/index.html.erb within layouts/application
  Rendered landing/index.html.erb within layouts/application (5.1ms)
  [1m[36mUser Load (0.4ms)[0m  [1m[34mSELECT  "users".* FROM "users" WHERE "users"."id" = $1 LIMIT $2[0m  [["id", 2], ["LIMIT", 1]]
  Rendered layouts/_nav.html.erb (50.0ms)
Completed 200 OK in 143ms (Views: 127.9ms | ActiveRecord: 8.8ms)


Started GET "/search/Ch" for 127.0.0.1 at 2017-04-29 18:43:36 -0700
Processing by SearchController#show as */*
  Parameters: {"id"=>"Ch"}
Completed 200 OK in 9ms (Views: 0.3ms | ActiveRecord: 0.0ms)


Started GET "/search/Ch" for 127.0.0.1 at 2017-04-29 18:43:37 -0700
Processing by SearchController#show as */*
  Parameters: {"id"=>"Ch"}
Completed 200 OK in 1ms (Views: 0.2ms | ActiveRecord: 0.0ms)


Started GET "/search/Ch" for 127.0.0.1 at 2017-04-29 18:44:05 -0700
Processing by SearchController#show as */*
  Parameters: {"id"=>"Ch"}
Completed 200 OK in 8ms (Views: 0.2ms | ActiveRecord: 0.0ms)


Started GET "/search/Ch" for 127.0.0.1 at 2017-04-29 18:44:27 -0700
  [1m[36mActiveRecord::SchemaMigration Load (0.6ms)[0m  [1m[34mSELECT "schema_migrations".* FROM "schema_migrations"[0m
Processing by SearchController#show as */*
  Parameters: {"id"=>"Ch"}
Completed 200 OK in 34ms (Views: 0.5ms | ActiveRecord: 0.0ms)


